<?xml version="1.0" encoding="UTF-8"?>
<!-- Generated by org.testng.reporters.JUnitReportReporter -->
<testsuite hostname="ESITLN048" name="com.klougin.mobile.app.ChromeMakemyTrip" tests="1" failures="0" timestamp="13 Jul 2019 11:19:32 GMT" time="15.375" errors="0">
  <testcase name="chromeTransactions" time="15.375" classname="com.klougin.mobile.app.ChromeMakemyTrip"/>
</testsuite> <!-- com.klougin.mobile.app.ChromeMakemyTrip -->
