<?xml version="1.0" encoding="UTF-8"?>
<!-- Generated by org.testng.reporters.JUnitReportReporter -->
<testsuite hostname="ESITLN048" name="com.klougin.mobile.app.MobileThree" tests="1" failures="0" timestamp="22 Jun 2019 05:55:35 GMT" time="5.519" errors="0">
  <testcase name="testSampleTest" time="5.519" classname="com.klougin.mobile.app.MobileThree"/>
</testsuite> <!-- com.klougin.mobile.app.MobileThree -->
