<?xml version="1.0" encoding="UTF-8"?>
<!-- Generated by org.testng.reporters.JUnitReportReporter -->
<testsuite hostname="ESITLN048" name="com.klougin.mobile.app.MobileThree" tests="1" failures="0" timestamp="19 May 2019 10:18:30 GMT" time="18.754" errors="0">
  <testcase name="testSampleTest" time="18.754" classname="com.klougin.mobile.app.MobileThree"/>
</testsuite> <!-- com.klougin.mobile.app.MobileThree -->
